<?xml version="1.0" encoding="UTF-8"?>
<!-- Generated by org.testng.reporters.JUnitReportReporter -->
<testsuite skipped="0" hostname="DESKTOP-J79O4OK" name="MyTest" tests="5" failures="0" timestamp="2020-07-10T02:22:58 EET" time="57.169" errors="0">
  <testcase name="Test1" time="9.472" classname="MyTest"/>
  <testcase name="Test2" time="9.725" classname="MyTest"/>
  <testcase name="Test3" time="27.646" classname="MyTest"/>
  <testcase name="Test4" time="5.265" classname="MyTest"/>
  <testcase name="Test5" time="5.061" classname="MyTest"/>
</testsuite> <!-- MyTest -->
